yarn run v1.22.22
$ /Users/lexa/projects/recipe-thing/node_modules/.bin/ts-node scripts/upload-recipe.ts data/recipes/beef-broccoli-stir-fry/beef-broccoli-stir-fry.yaml
(node:88173) [MODULE_TYPELESS_PACKAGE_JSON] Warning: Module type of file:///Users/lexa/projects/recipe-thing/scripts/upload-recipe.ts is not specified and it doesn't parse as CommonJS.
Reparsing as ES module because module syntax was detected. This incurs a performance overhead.
To eliminate this warning, add "type": "module" to /Users/lexa/projects/recipe-thing/package.json.
(Use `node --trace-warnings ...` to show where the warning was created)
Uploading image: beef-broccoli-stir-fry.jpg
✓ Image uploaded: beef-broccoli-stir-fry.4d5c57b0a54a.jpg (recipe updated)
Uploading recipe: Beef & Broccoli Stir-Fry
✓ Recipe uploaded: beef-broccoli-stir-fry → http://localhost:3000/api/recipes
Done in 6.88s.
beef-broccoli-stir-fry ok
yarn run v1.22.22
$ /Users/lexa/projects/recipe-thing/node_modules/.bin/ts-node scripts/upload-recipe.ts data/recipes/black-bean-enchiladas/black-bean-enchiladas.yaml
(node:88250) [MODULE_TYPELESS_PACKAGE_JSON] Warning: Module type of file:///Users/lexa/projects/recipe-thing/scripts/upload-recipe.ts is not specified and it doesn't parse as CommonJS.
Reparsing as ES module because module syntax was detected. This incurs a performance overhead.
To eliminate this warning, add "type": "module" to /Users/lexa/projects/recipe-thing/package.json.
(Use `node --trace-warnings ...` to show where the warning was created)
Uploading image: black-bean-enchiladas.jpg
✓ Image uploaded: black-bean-enchiladas.19142ed40073.jpg (recipe updated)
Uploading recipe: Black Bean Enchiladas
✓ Recipe uploaded: black-bean-enchiladas → http://localhost:3000/api/recipes
Done in 3.32s.
black-bean-enchiladas ok
yarn run v1.22.22
$ /Users/lexa/projects/recipe-thing/node_modules/.bin/ts-node scripts/upload-recipe.ts data/recipes/buffalo-cauliflower-wraps/buffalo-cauliflower-wraps.yaml
(node:88296) [MODULE_TYPELESS_PACKAGE_JSON] Warning: Module type of file:///Users/lexa/projects/recipe-thing/scripts/upload-recipe.ts is not specified and it doesn't parse as CommonJS.
Reparsing as ES module because module syntax was detected. This incurs a performance overhead.
To eliminate this warning, add "type": "module" to /Users/lexa/projects/recipe-thing/package.json.
(Use `node --trace-warnings ...` to show where the warning was created)
Uploading image: buffalo-cauliflower-wraps.jpg
✓ Image uploaded: buffalo-cauliflower-wraps.71238521539e.jpg (recipe updated)
Uploading recipe: Buffalo Cauliflower Wraps
✓ Recipe uploaded: buffalo-cauliflower-wraps → http://localhost:3000/api/recipes
Done in 1.52s.
buffalo-cauliflower-wraps ok
yarn run v1.22.22
$ /Users/lexa/projects/recipe-thing/node_modules/.bin/ts-node scripts/upload-recipe.ts data/recipes/caprese-stuffed-portobellos/caprese-stuffed-portobellos.yaml
(node:88313) [MODULE_TYPELESS_PACKAGE_JSON] Warning: Module type of file:///Users/lexa/projects/recipe-thing/scripts/upload-recipe.ts is not specified and it doesn't parse as CommonJS.
Reparsing as ES module because module syntax was detected. This incurs a performance overhead.
To eliminate this warning, add "type": "module" to /Users/lexa/projects/recipe-thing/package.json.
(Use `node --trace-warnings ...` to show where the warning was created)
Uploading image: caprese-stuffed-portobellos.jpg
✓ Image uploaded: caprese-stuffed-portobellos.bd9858a905f8.jpg (recipe updated)
Uploading recipe: Caprese Stuffed Portobellos
✓ Recipe uploaded: caprese-stuffed-portobellos → http://localhost:3000/api/recipes
Done in 1.70s.
caprese-stuffed-portobellos ok
yarn run v1.22.22
$ /Users/lexa/projects/recipe-thing/node_modules/.bin/ts-node scripts/upload-recipe.ts data/recipes/chickpea-tikka-masala/chickpea-tikka-masala.yaml
(node:88343) [MODULE_TYPELESS_PACKAGE_JSON] Warning: Module type of file:///Users/lexa/projects/recipe-thing/scripts/upload-recipe.ts is not specified and it doesn't parse as CommonJS.
Reparsing as ES module because module syntax was detected. This incurs a performance overhead.
To eliminate this warning, add "type": "module" to /Users/lexa/projects/recipe-thing/package.json.
(Use `node --trace-warnings ...` to show where the warning was created)
Uploading image: chickpea-tikka-masala.jpg
✓ Image uploaded: chickpea-tikka-masala.2e0cc592c44a.jpg (recipe updated)
Uploading recipe: Chickpea Tikka Masala
✓ Recipe uploaded: chickpea-tikka-masala → http://localhost:3000/api/recipes
Done in 1.56s.
chickpea-tikka-masala ok
yarn run v1.22.22
$ /Users/lexa/projects/recipe-thing/node_modules/.bin/ts-node scripts/upload-recipe.ts data/recipes/classic-beef-tacos/classic-beef-tacos.yaml
(node:88355) [MODULE_TYPELESS_PACKAGE_JSON] Warning: Module type of file:///Users/lexa/projects/recipe-thing/scripts/upload-recipe.ts is not specified and it doesn't parse as CommonJS.
Reparsing as ES module because module syntax was detected. This incurs a performance overhead.
To eliminate this warning, add "type": "module" to /Users/lexa/projects/recipe-thing/package.json.
(Use `node --trace-warnings ...` to show where the warning was created)
Uploading image: classic-beef-tacos.jpg
✓ Image uploaded: classic-beef-tacos.e5c3366a6e91.jpg (recipe updated)
Uploading recipe: Classic Beef Tacos
✓ Recipe uploaded: classic-beef-tacos → http://localhost:3000/api/recipes
Done in 1.50s.
classic-beef-tacos ok
yarn run v1.22.22
$ /Users/lexa/projects/recipe-thing/node_modules/.bin/ts-node scripts/upload-recipe.ts data/recipes/coconut-curry-ramen/coconut-curry-ramen.yaml
(node:88368) [MODULE_TYPELESS_PACKAGE_JSON] Warning: Module type of file:///Users/lexa/projects/recipe-thing/scripts/upload-recipe.ts is not specified and it doesn't parse as CommonJS.
Reparsing as ES module because module syntax was detected. This incurs a performance overhead.
To eliminate this warning, add "type": "module" to /Users/lexa/projects/recipe-thing/package.json.
(Use `node --trace-warnings ...` to show where the warning was created)
Uploading image: coconut-curry-ramen.jpg
✓ Image uploaded: coconut-curry-ramen.564b62d72ed2.jpg (recipe updated)
Uploading recipe: Coconut Curry Ramen
✓ Recipe uploaded: coconut-curry-ramen → http://localhost:3000/api/recipes
Done in 2.06s.
coconut-curry-ramen ok
yarn run v1.22.22
$ /Users/lexa/projects/recipe-thing/node_modules/.bin/ts-node scripts/upload-recipe.ts data/recipes/creamy-mushroom-risotto/creamy-mushroom-risotto.yaml
(node:88406) [MODULE_TYPELESS_PACKAGE_JSON] Warning: Module type of file:///Users/lexa/projects/recipe-thing/scripts/upload-recipe.ts is not specified and it doesn't parse as CommonJS.
Reparsing as ES module because module syntax was detected. This incurs a performance overhead.
To eliminate this warning, add "type": "module" to /Users/lexa/projects/recipe-thing/package.json.
(Use `node --trace-warnings ...` to show where the warning was created)
Uploading image: creamy-mushroom-risotto.jpg
✓ Image uploaded: creamy-mushroom-risotto.352951f4facb.jpg (recipe updated)
Uploading recipe: Creamy Mushroom Risotto
✓ Recipe uploaded: creamy-mushroom-risotto → http://localhost:3000/api/recipes
Done in 1.59s.
creamy-mushroom-risotto ok
yarn run v1.22.22
$ /Users/lexa/projects/recipe-thing/node_modules/.bin/ts-node scripts/upload-recipe.ts data/recipes/falafel-mezze-plates/falafel-mezze-plates.yaml
(node:88418) [MODULE_TYPELESS_PACKAGE_JSON] Warning: Module type of file:///Users/lexa/projects/recipe-thing/scripts/upload-recipe.ts is not specified and it doesn't parse as CommonJS.
Reparsing as ES module because module syntax was detected. This incurs a performance overhead.
To eliminate this warning, add "type": "module" to /Users/lexa/projects/recipe-thing/package.json.
(Use `node --trace-warnings ...` to show where the warning was created)
Uploading image: falafel-mezze-plates.jpg
✓ Image uploaded: falafel-mezze-plates.363d3e6a634b.jpg (recipe updated)
Uploading recipe: Falafel Mezze Plates
✓ Recipe uploaded: falafel-mezze-plates → http://localhost:3000/api/recipes
Done in 1.75s.
falafel-mezze-plates ok
yarn run v1.22.22
$ /Users/lexa/projects/recipe-thing/node_modules/.bin/ts-node scripts/upload-recipe.ts data/recipes/fried-potatoes-with-pancetta-and-mushrooms/fried-potatoes-with-pancetta-and-mushrooms.yaml
(node:88431) [MODULE_TYPELESS_PACKAGE_JSON] Warning: Module type of file:///Users/lexa/projects/recipe-thing/scripts/upload-recipe.ts is not specified and it doesn't parse as CommonJS.
Reparsing as ES module because module syntax was detected. This incurs a performance overhead.
To eliminate this warning, add "type": "module" to /Users/lexa/projects/recipe-thing/package.json.
(Use `node --trace-warnings ...` to show where the warning was created)
Uploading image: fried-potatoes-with-pancetta-and-mushrooms.jpg
✓ Image uploaded: fried-potatoes-with-pancetta-and-mushrooms.78fa33f903e1.jpg (recipe updated)
Uploading recipe: Fried Potatoes with Pancetta and Mushrooms
✓ Recipe uploaded: fried-potatoes-with-pancetta-and-mushrooms → http://localhost:3000/api/recipes
Done in 1.62s.
fried-potatoes-with-pancetta-and-mushrooms ok
yarn run v1.22.22
$ /Users/lexa/projects/recipe-thing/node_modules/.bin/ts-node scripts/upload-recipe.ts data/recipes/garlic-butter-shrimp-scampi/garlic-butter-shrimp-scampi.yaml
(node:88461) [MODULE_TYPELESS_PACKAGE_JSON] Warning: Module type of file:///Users/lexa/projects/recipe-thing/scripts/upload-recipe.ts is not specified and it doesn't parse as CommonJS.
Reparsing as ES module because module syntax was detected. This incurs a performance overhead.
To eliminate this warning, add "type": "module" to /Users/lexa/projects/recipe-thing/package.json.
(Use `node --trace-warnings ...` to show where the warning was created)
Uploading image: garlic-butter-shrimp-scampi.jpg
✓ Image uploaded: garlic-butter-shrimp-scampi.fdbb29306252.jpg (recipe updated)
Uploading recipe: Garlic Butter Shrimp Scampi
✓ Recipe uploaded: garlic-butter-shrimp-scampi → http://localhost:3000/api/recipes
Done in 1.86s.
garlic-butter-shrimp-scampi ok
yarn run v1.22.22
$ /Users/lexa/projects/recipe-thing/node_modules/.bin/ts-node scripts/upload-recipe.ts data/recipes/gochujang-glazed-chicken-thighs/gochujang-glazed-chicken-thighs.yaml
(node:88486) [MODULE_TYPELESS_PACKAGE_JSON] Warning: Module type of file:///Users/lexa/projects/recipe-thing/scripts/upload-recipe.ts is not specified and it doesn't parse as CommonJS.
Reparsing as ES module because module syntax was detected. This incurs a performance overhead.
To eliminate this warning, add "type": "module" to /Users/lexa/projects/recipe-thing/package.json.
(Use `node --trace-warnings ...` to show where the warning was created)
Uploading image: gochujang-glazed-chicken-thighs.jpg
✓ Image uploaded: gochujang-glazed-chicken-thighs.9a7eb9d8f3c9.jpg (recipe updated)
Uploading recipe: Gochujang Glazed Chicken Thighs
✓ Recipe uploaded: gochujang-glazed-chicken-thighs → http://localhost:3000/api/recipes
Done in 1.55s.
gochujang-glazed-chicken-thighs ok
yarn run v1.22.22
$ /Users/lexa/projects/recipe-thing/node_modules/.bin/ts-node scripts/upload-recipe.ts data/recipes/greek-stuffed-peppers/greek-stuffed-peppers.yaml
(node:88499) [MODULE_TYPELESS_PACKAGE_JSON] Warning: Module type of file:///Users/lexa/projects/recipe-thing/scripts/upload-recipe.ts is not specified and it doesn't parse as CommonJS.
Reparsing as ES module because module syntax was detected. This incurs a performance overhead.
To eliminate this warning, add "type": "module" to /Users/lexa/projects/recipe-thing/package.json.
(Use `node --trace-warnings ...` to show where the warning was created)
Uploading image: greek-stuffed-peppers.jpg
✓ Image uploaded: greek-stuffed-peppers.5c4e1917cd3c.jpg (recipe updated)
Uploading recipe: Greek Stuffed Peppers
✓ Recipe uploaded: greek-stuffed-peppers → http://localhost:3000/api/recipes
Done in 1.82s.
greek-stuffed-peppers ok
yarn run v1.22.22
$ /Users/lexa/projects/recipe-thing/node_modules/.bin/ts-node scripts/upload-recipe.ts data/recipes/lemon-garlic-salmon/lemon-garlic-salmon.yaml
(node:88524) [MODULE_TYPELESS_PACKAGE_JSON] Warning: Module type of file:///Users/lexa/projects/recipe-thing/scripts/upload-recipe.ts is not specified and it doesn't parse as CommonJS.
Reparsing as ES module because module syntax was detected. This incurs a performance overhead.
To eliminate this warning, add "type": "module" to /Users/lexa/projects/recipe-thing/package.json.
(Use `node --trace-warnings ...` to show where the warning was created)
Uploading image: lemon-garlic-salmon.jpg
✓ Image uploaded: lemon-garlic-salmon.3d135c30bc58.jpg (recipe updated)
Uploading recipe: Lemon Garlic Salmon
✓ Recipe uploaded: lemon-garlic-salmon → http://localhost:3000/api/recipes
Done in 2.24s.
lemon-garlic-salmon ok
yarn run v1.22.22
$ /Users/lexa/projects/recipe-thing/node_modules/.bin/ts-node scripts/upload-recipe.ts data/recipes/lentil-bolognese/lentil-bolognese.yaml
(node:88542) [MODULE_TYPELESS_PACKAGE_JSON] Warning: Module type of file:///Users/lexa/projects/recipe-thing/scripts/upload-recipe.ts is not specified and it doesn't parse as CommonJS.
Reparsing as ES module because module syntax was detected. This incurs a performance overhead.
To eliminate this warning, add "type": "module" to /Users/lexa/projects/recipe-thing/package.json.
(Use `node --trace-warnings ...` to show where the warning was created)
Uploading image: lentil-bolognese.jpg
✓ Image uploaded: lentil-bolognese.6198e83c15a4.jpg (recipe updated)
Uploading recipe: Lentil Bolognese
✓ Recipe uploaded: lentil-bolognese → http://localhost:3000/api/recipes
Done in 1.95s.
lentil-bolognese ok
yarn run v1.22.22
$ /Users/lexa/projects/recipe-thing/node_modules/.bin/ts-node scripts/upload-recipe.ts data/recipes/margherita-pizza/margherita-pizza.yaml
(node:88578) [MODULE_TYPELESS_PACKAGE_JSON] Warning: Module type of file:///Users/lexa/projects/recipe-thing/scripts/upload-recipe.ts is not specified and it doesn't parse as CommonJS.
Reparsing as ES module because module syntax was detected. This incurs a performance overhead.
To eliminate this warning, add "type": "module" to /Users/lexa/projects/recipe-thing/package.json.
(Use `node --trace-warnings ...` to show where the warning was created)
Uploading image: margherita-pizza.jpg
✓ Image uploaded: margherita-pizza.33b2f101c442.jpg (recipe updated)
Uploading recipe: Margherita Pizza
✓ Recipe uploaded: margherita-pizza → http://localhost:3000/api/recipes
Done in 1.78s.
margherita-pizza ok
yarn run v1.22.22
$ /Users/lexa/projects/recipe-thing/node_modules/.bin/ts-node scripts/upload-recipe.ts data/recipes/mediterranean-quinoa-bowl/mediterranean-quinoa-bowl.yaml
(node:88590) [MODULE_TYPELESS_PACKAGE_JSON] Warning: Module type of file:///Users/lexa/projects/recipe-thing/scripts/upload-recipe.ts is not specified and it doesn't parse as CommonJS.
Reparsing as ES module because module syntax was detected. This incurs a performance overhead.
To eliminate this warning, add "type": "module" to /Users/lexa/projects/recipe-thing/package.json.
(Use `node --trace-warnings ...` to show where the warning was created)
Uploading image: mediterranean-quinoa-bowl.jpg
✓ Image uploaded: mediterranean-quinoa-bowl.f1504827cde8.jpg (recipe updated)
Uploading recipe: Mediterranean Quinoa Bowl
✓ Recipe uploaded: mediterranean-quinoa-bowl → http://localhost:3000/api/recipes
Done in 1.62s.
mediterranean-quinoa-bowl ok
yarn run v1.22.22
$ /Users/lexa/projects/recipe-thing/node_modules/.bin/ts-node scripts/upload-recipe.ts data/recipes/panko-crusted-cod/panko-crusted-cod.yaml
(node:88602) [MODULE_TYPELESS_PACKAGE_JSON] Warning: Module type of file:///Users/lexa/projects/recipe-thing/scripts/upload-recipe.ts is not specified and it doesn't parse as CommonJS.
Reparsing as ES module because module syntax was detected. This incurs a performance overhead.
To eliminate this warning, add "type": "module" to /Users/lexa/projects/recipe-thing/package.json.
(Use `node --trace-warnings ...` to show where the warning was created)
Uploading image: panko-crusted-cod.jpg
✓ Image uploaded: panko-crusted-cod.097e9bee07cb.jpg (recipe updated)
Uploading recipe: Panko-Crusted Cod
✓ Recipe uploaded: panko-crusted-cod → http://localhost:3000/api/recipes
Done in 1.59s.
panko-crusted-cod ok
yarn run v1.22.22
$ /Users/lexa/projects/recipe-thing/node_modules/.bin/ts-node scripts/upload-recipe.ts data/recipes/roasted-red-pepper-pasta/roasted-red-pepper-pasta.yaml
(node:88635) [MODULE_TYPELESS_PACKAGE_JSON] Warning: Module type of file:///Users/lexa/projects/recipe-thing/scripts/upload-recipe.ts is not specified and it doesn't parse as CommonJS.
Reparsing as ES module because module syntax was detected. This incurs a performance overhead.
To eliminate this warning, add "type": "module" to /Users/lexa/projects/recipe-thing/package.json.
(Use `node --trace-warnings ...` to show where the warning was created)
Uploading image: roasted-red-pepper-pasta.jpg
✓ Image uploaded: roasted-red-pepper-pasta.78b6a8b9427f.jpg (recipe updated)
Uploading recipe: Roasted Red Pepper Pasta
✓ Recipe uploaded: roasted-red-pepper-pasta → http://localhost:3000/api/recipes
Done in 1.84s.
roasted-red-pepper-pasta ok
yarn run v1.22.22
$ /Users/lexa/projects/recipe-thing/node_modules/.bin/ts-node scripts/upload-recipe.ts data/recipes/spinach-ricotta-stuffed-shells/spinach-ricotta-stuffed-shells.yaml
(node:88650) [MODULE_TYPELESS_PACKAGE_JSON] Warning: Module type of file:///Users/lexa/projects/recipe-thing/scripts/upload-recipe.ts is not specified and it doesn't parse as CommonJS.
Reparsing as ES module because module syntax was detected. This incurs a performance overhead.
To eliminate this warning, add "type": "module" to /Users/lexa/projects/recipe-thing/package.json.
(Use `node --trace-warnings ...` to show where the warning was created)
Uploading image: spinach-ricotta-stuffed-shells.jpg
✓ Image uploaded: spinach-ricotta-stuffed-shells.c4d8bd75ccc6.jpg (recipe updated)
Uploading recipe: Spinach & Ricotta Stuffed Shells
✓ Recipe uploaded: spinach-ricotta-stuffed-shells → http://localhost:3000/api/recipes
Done in 1.66s.
spinach-ricotta-stuffed-shells ok
yarn run v1.22.22
$ /Users/lexa/projects/recipe-thing/node_modules/.bin/ts-node scripts/upload-recipe.ts data/recipes/sweet-potato-black-bean-tacos/sweet-potato-black-bean-tacos.yaml
(node:88674) [MODULE_TYPELESS_PACKAGE_JSON] Warning: Module type of file:///Users/lexa/projects/recipe-thing/scripts/upload-recipe.ts is not specified and it doesn't parse as CommonJS.
Reparsing as ES module because module syntax was detected. This incurs a performance overhead.
To eliminate this warning, add "type": "module" to /Users/lexa/projects/recipe-thing/package.json.
(Use `node --trace-warnings ...` to show where the warning was created)
Uploading image: sweet-potato-black-bean-tacos.jpg
✓ Image uploaded: sweet-potato-black-bean-tacos.27a393aa186d.jpg (recipe updated)
Uploading recipe: Sweet Potato & Black Bean Tacos
✓ Recipe uploaded: sweet-potato-black-bean-tacos → http://localhost:3000/api/recipes
Done in 1.65s.
sweet-potato-black-bean-tacos ok
yarn run v1.22.22
$ /Users/lexa/projects/recipe-thing/node_modules/.bin/ts-node scripts/upload-recipe.ts data/recipes/teriyaki-chicken-bowls/teriyaki-chicken-bowls.yaml
(node:88700) [MODULE_TYPELESS_PACKAGE_JSON] Warning: Module type of file:///Users/lexa/projects/recipe-thing/scripts/upload-recipe.ts is not specified and it doesn't parse as CommonJS.
Reparsing as ES module because module syntax was detected. This incurs a performance overhead.
To eliminate this warning, add "type": "module" to /Users/lexa/projects/recipe-thing/package.json.
(Use `node --trace-warnings ...` to show where the warning was created)
Uploading image: teriyaki-chicken-bowls.jpg
✓ Image uploaded: teriyaki-chicken-bowls.a910705b2256.jpg (recipe updated)
Uploading recipe: Teriyaki Chicken Bowls
✓ Recipe uploaded: teriyaki-chicken-bowls → http://localhost:3000/api/recipes
Done in 1.58s.
teriyaki-chicken-bowls ok
yarn run v1.22.22
$ /Users/lexa/projects/recipe-thing/node_modules/.bin/ts-node scripts/upload-recipe.ts data/recipes/veggie-pad-thai/veggie-pad-thai.yaml
(node:88715) [MODULE_TYPELESS_PACKAGE_JSON] Warning: Module type of file:///Users/lexa/projects/recipe-thing/scripts/upload-recipe.ts is not specified and it doesn't parse as CommonJS.
Reparsing as ES module because module syntax was detected. This incurs a performance overhead.
To eliminate this warning, add "type": "module" to /Users/lexa/projects/recipe-thing/package.json.
(Use `node --trace-warnings ...` to show where the warning was created)
Uploading image: veggie-pad-thai.jpg
✓ Image uploaded: veggie-pad-thai.753885d3f834.jpg (recipe updated)
Uploading recipe: Veggie Pad Thai
✓ Recipe uploaded: veggie-pad-thai → http://localhost:3000/api/recipes
Done in 1.58s.
veggie-pad-thai ok
yarn run v1.22.22
$ /Users/lexa/projects/recipe-thing/node_modules/.bin/ts-node scripts/upload-recipe.ts data/recipes/weeknight-beef-chili/weeknight-beef-chili.yaml
(node:88727) [MODULE_TYPELESS_PACKAGE_JSON] Warning: Module type of file:///Users/lexa/projects/recipe-thing/scripts/upload-recipe.ts is not specified and it doesn't parse as CommonJS.
Reparsing as ES module because module syntax was detected. This incurs a performance overhead.
To eliminate this warning, add "type": "module" to /Users/lexa/projects/recipe-thing/package.json.
(Use `node --trace-warnings ...` to show where the warning was created)
Uploading image: weeknight-beef-chili.jpg
✓ Image uploaded: weeknight-beef-chili.17520022c4f2.jpg (recipe updated)
Uploading recipe: Weeknight Beef Chili
✓ Recipe uploaded: weeknight-beef-chili → http://localhost:3000/api/recipes
Done in 1.54s.
weeknight-beef-chili ok
